<?xml version="1.0" encoding="UTF-8"?>
<testng-results ignored="0" total="1" passed="1" failed="0" skipped="0">
  <reporter-output>
  </reporter-output>
  <suite started-at="2024-10-06T16:06:03 CST" name="Surefire suite" finished-at="2024-10-06T16:06:09 CST" duration-ms="5514">
    <groups>
    </groups>
    <test started-at="2024-10-06T16:06:03 CST" name="Surefire test" finished-at="2024-10-06T16:06:09 CST" duration-ms="5514">
      <class name="tests.login.BasicTest">
        <test-method is-config="true" signature="launchApp()[pri:0, instance:tests.login.BasicTest@5ace1ed4]" started-at="2024-10-06T16:06:03 CST" name="launchApp" finished-at="2024-10-06T16:06:08 CST" duration-ms="4422" status="PASS">
          <reporter-output>
          </reporter-output>
        </test-method> <!-- launchApp -->
        <test-method signature="basicTest(java.util.HashMap)[pri:0, instance:tests.login.BasicTest@5ace1ed4]" started-at="2024-10-06T16:06:08 CST" name="basicTest" data-provider="getData" finished-at="2024-10-06T16:06:08 CST" duration-ms="100" status="PASS">
          <params>
            <param index="0">
              <value>
                <![CDATA[{title=WIKIPEDIA}]]>
              </value>
            </param>
          </params>
          <reporter-output>
          </reporter-output>
        </test-method> <!-- basicTest -->
        <test-method is-config="true" signature="tearDown()[pri:0, instance:tests.login.BasicTest@5ace1ed4]" started-at="2024-10-06T16:06:08 CST" name="tearDown" finished-at="2024-10-06T16:06:09 CST" duration-ms="933" status="PASS">
          <reporter-output>
          </reporter-output>
        </test-method> <!-- tearDown -->
      </class> <!-- tests.login.BasicTest -->
    </test> <!-- Surefire test -->
  </suite> <!-- Surefire suite -->
</testng-results>
